[0.067s] Invoking command in '/home/apoorvtechh/dev_ws/build/my_bot': CMAKE_PREFIX_PATH=/opt/ros/humble /usr/bin/cmake --build /home/apoorvtechh/dev_ws/build/my_bot -- -j4 -l4
[0.185s] Invoked command in '/home/apoorvtechh/dev_ws/build/my_bot' returned '0': CMAKE_PREFIX_PATH=/opt/ros/humble /usr/bin/cmake --build /home/apoorvtechh/dev_ws/build/my_bot -- -j4 -l4
[0.240s] Invoking command in '/home/apoorvtechh/dev_ws/build/my_bot': CMAKE_PREFIX_PATH=/opt/ros/humble /usr/bin/cmake --install /home/apoorvtechh/dev_ws/build/my_bot
[0.250s] -- Install configuration: ""
[0.253s] -- Execute custom install script
[0.254s] -- Up-to-date symlink: /home/apoorvtechh/dev_ws/install/my_bot/share/my_bot/config/empty.yaml
[0.255s] -- Up-to-date symlink: /home/apoorvtechh/dev_ws/install/my_bot/share/my_bot/config/view_bot.rviz
[0.255s] -- Symlinking: /home/apoorvtechh/dev_ws/install/my_bot/share/my_bot/description/camera.xacro
[0.269s] -- Up-to-date symlink: /home/apoorvtechh/dev_ws/install/my_bot/share/my_bot/description/gazebo_control.xacro
[0.270s] -- Up-to-date symlink: /home/apoorvtechh/dev_ws/install/my_bot/share/my_bot/description/inertial_macros.xacro
[0.271s] -- Up-to-date symlink: /home/apoorvtechh/dev_ws/install/my_bot/share/my_bot/description/lidar.xacro
[0.272s] -- Up-to-date symlink: /home/apoorvtechh/dev_ws/install/my_bot/share/my_bot/description/robot.urdf.xacro
[0.272s] -- Up-to-date symlink: /home/apoorvtechh/dev_ws/install/my_bot/share/my_bot/description/robot_core.xacro
[0.273s] -- Up-to-date symlink: /home/apoorvtechh/dev_ws/install/my_bot/share/my_bot/launch/launch_sim.launch.py
[0.273s] -- Up-to-date symlink: /home/apoorvtechh/dev_ws/install/my_bot/share/my_bot/launch/rsp.launch.py
[0.273s] -- Up-to-date symlink: /home/apoorvtechh/dev_ws/install/my_bot/share/my_bot/worlds/empty.world
[0.273s] -- Up-to-date symlink: /home/apoorvtechh/dev_ws/install/my_bot/share/my_bot/worlds/obstacles.world
[0.274s] -- Up-to-date symlink: /home/apoorvtechh/dev_ws/install/my_bot/share/ament_index/resource_index/package_run_dependencies/my_bot
[0.274s] -- Up-to-date symlink: /home/apoorvtechh/dev_ws/install/my_bot/share/ament_index/resource_index/parent_prefix_path/my_bot
[0.274s] -- Up-to-date symlink: /home/apoorvtechh/dev_ws/install/my_bot/share/my_bot/environment/ament_prefix_path.sh
[0.274s] -- Up-to-date symlink: /home/apoorvtechh/dev_ws/install/my_bot/share/my_bot/environment/ament_prefix_path.dsv
[0.274s] -- Up-to-date symlink: /home/apoorvtechh/dev_ws/install/my_bot/share/my_bot/environment/path.sh
[0.274s] -- Up-to-date symlink: /home/apoorvtechh/dev_ws/install/my_bot/share/my_bot/environment/path.dsv
[0.274s] -- Up-to-date symlink: /home/apoorvtechh/dev_ws/install/my_bot/share/my_bot/local_setup.bash
[0.274s] -- Up-to-date symlink: /home/apoorvtechh/dev_ws/install/my_bot/share/my_bot/local_setup.sh
[0.275s] -- Up-to-date symlink: /home/apoorvtechh/dev_ws/install/my_bot/share/my_bot/local_setup.zsh
[0.275s] -- Up-to-date symlink: /home/apoorvtechh/dev_ws/install/my_bot/share/my_bot/local_setup.dsv
[0.275s] -- Symlinking: /home/apoorvtechh/dev_ws/install/my_bot/share/my_bot/package.dsv
[0.286s] -- Up-to-date symlink: /home/apoorvtechh/dev_ws/install/my_bot/share/ament_index/resource_index/packages/my_bot
[0.286s] -- Up-to-date symlink: /home/apoorvtechh/dev_ws/install/my_bot/share/my_bot/cmake/my_botConfig.cmake
[0.287s] -- Up-to-date symlink: /home/apoorvtechh/dev_ws/install/my_bot/share/my_bot/cmake/my_botConfig-version.cmake
[0.287s] -- Up-to-date symlink: /home/apoorvtechh/dev_ws/install/my_bot/share/my_bot/package.xml
[0.294s] Invoked command in '/home/apoorvtechh/dev_ws/build/my_bot' returned '0': CMAKE_PREFIX_PATH=/opt/ros/humble /usr/bin/cmake --install /home/apoorvtechh/dev_ws/build/my_bot
