[0.086s] Invoking command in '/home/apoorvtechh/dev_ws/build/my_bot': CMAKE_PREFIX_PATH=${CMAKE_PREFIX_PATH}:/opt/ros/humble /usr/bin/cmake --build /home/apoorvtechh/dev_ws/build/my_bot -- -j4 -l4
[0.147s] Invoked command in '/home/apoorvtechh/dev_ws/build/my_bot' returned '0': CMAKE_PREFIX_PATH=${CMAKE_PREFIX_PATH}:/opt/ros/humble /usr/bin/cmake --build /home/apoorvtechh/dev_ws/build/my_bot -- -j4 -l4
[0.199s] Invoking command in '/home/apoorvtechh/dev_ws/build/my_bot': CMAKE_PREFIX_PATH=${CMAKE_PREFIX_PATH}:/opt/ros/humble /usr/bin/cmake --install /home/apoorvtechh/dev_ws/build/my_bot
[0.211s] -- Install configuration: ""
[0.211s] -- Execute custom install script
[0.212s] -- Up-to-date symlink: /home/apoorvtechh/dev_ws/install/my_bot/share/my_bot/config/empty.yaml
[0.212s] -- Up-to-date symlink: /home/apoorvtechh/dev_ws/install/my_bot/share/my_bot/description/inertial_macros.xacro
[0.213s] -- Up-to-date symlink: /home/apoorvtechh/dev_ws/install/my_bot/share/my_bot/description/robot.urdf.xacro
[0.213s] -- Up-to-date symlink: /home/apoorvtechh/dev_ws/install/my_bot/share/my_bot/description/robot_core.xacro
[0.213s] -- Up-to-date symlink: /home/apoorvtechh/dev_ws/install/my_bot/share/my_bot/launch/rsp.launch.py
[0.213s] -- Up-to-date symlink: /home/apoorvtechh/dev_ws/install/my_bot/share/my_bot/worlds/empty.world
[0.214s] -- Up-to-date symlink: /home/apoorvtechh/dev_ws/install/my_bot/share/ament_index/resource_index/package_run_dependencies/my_bot
[0.214s] -- Up-to-date symlink: /home/apoorvtechh/dev_ws/install/my_bot/share/ament_index/resource_index/parent_prefix_path/my_bot
[0.214s] -- Up-to-date symlink: /home/apoorvtechh/dev_ws/install/my_bot/share/my_bot/environment/ament_prefix_path.sh
[0.214s] -- Up-to-date symlink: /home/apoorvtechh/dev_ws/install/my_bot/share/my_bot/environment/ament_prefix_path.dsv
[0.214s] -- Up-to-date symlink: /home/apoorvtechh/dev_ws/install/my_bot/share/my_bot/environment/path.sh
[0.215s] -- Up-to-date symlink: /home/apoorvtechh/dev_ws/install/my_bot/share/my_bot/environment/path.dsv
[0.215s] -- Up-to-date symlink: /home/apoorvtechh/dev_ws/install/my_bot/share/my_bot/local_setup.bash
[0.215s] -- Up-to-date symlink: /home/apoorvtechh/dev_ws/install/my_bot/share/my_bot/local_setup.sh
[0.216s] -- Up-to-date symlink: /home/apoorvtechh/dev_ws/install/my_bot/share/my_bot/local_setup.zsh
[0.216s] -- Up-to-date symlink: /home/apoorvtechh/dev_ws/install/my_bot/share/my_bot/local_setup.dsv
[0.216s] -- Symlinking: /home/apoorvtechh/dev_ws/install/my_bot/share/my_bot/package.dsv
[0.233s] -- Up-to-date symlink: /home/apoorvtechh/dev_ws/install/my_bot/share/ament_index/resource_index/packages/my_bot
[0.234s] -- Up-to-date symlink: /home/apoorvtechh/dev_ws/install/my_bot/share/my_bot/cmake/my_botConfig.cmake
[0.234s] -- Up-to-date symlink: /home/apoorvtechh/dev_ws/install/my_bot/share/my_bot/cmake/my_botConfig-version.cmake
[0.234s] -- Up-to-date symlink: /home/apoorvtechh/dev_ws/install/my_bot/share/my_bot/package.xml
[0.236s] Invoked command in '/home/apoorvtechh/dev_ws/build/my_bot' returned '0': CMAKE_PREFIX_PATH=${CMAKE_PREFIX_PATH}:/opt/ros/humble /usr/bin/cmake --install /home/apoorvtechh/dev_ws/build/my_bot
