[0.058s] Invoking command in '/home/apoorvtechh/dev_ws/build/my_bot': CMAKE_PREFIX_PATH=/opt/ros/humble /usr/bin/cmake /home/apoorvtechh/dev_ws/src/my_bot -DAMENT_CMAKE_SYMLINK_INSTALL=1 -DCMAKE_INSTALL_PREFIX=/home/apoorvtechh/dev_ws/install/my_bot
[0.175s] -- The C compiler identification is GNU 11.4.0
[0.257s] -- The CXX compiler identification is GNU 11.4.0
[0.270s] -- Detecting C compiler ABI info
[0.365s] -- Detecting C compiler ABI info - done
[0.370s] -- Check for working C compiler: /usr/bin/cc - skipped
[0.370s] -- Detecting C compile features
[0.371s] -- Detecting C compile features - done
[0.373s] -- Detecting CXX compiler ABI info
[0.487s] -- Detecting CXX compiler ABI info - done
[0.492s] -- Check for working CXX compiler: /usr/bin/c++ - skipped
[0.493s] -- Detecting CXX compile features
[0.493s] -- Detecting CXX compile features - done
[0.500s] -- Found ament_cmake: 1.3.6 (/opt/ros/humble/share/ament_cmake/cmake)
[0.690s] -- Found Python3: /usr/bin/python3.10 (found version "3.10.12") found components: Interpreter 
[0.758s] -- Override CMake install command with custom implementation using symlinks instead of copying resources
[0.786s] -- Found ament_lint_auto: 0.12.9 (/opt/ros/humble/share/ament_lint_auto/cmake)
[0.862s] -- Added test 'copyright' to check source files copyright and LICENSE
[0.870s] -- Added test 'flake8' to check Python code syntax and style conventions
[0.872s] -- Added test 'lint_cmake' to check CMake code style
[0.873s] -- Added test 'pep257' to check Python code against some of the docstring style conventions in PEP 257
[0.878s] -- Added test 'xmllint' to check XML markup files
[0.881s] -- Configuring done
[0.887s] -- Generating done
[0.889s] -- Build files have been written to: /home/apoorvtechh/dev_ws/build/my_bot
[0.895s] Invoked command in '/home/apoorvtechh/dev_ws/build/my_bot' returned '0': CMAKE_PREFIX_PATH=/opt/ros/humble /usr/bin/cmake /home/apoorvtechh/dev_ws/src/my_bot -DAMENT_CMAKE_SYMLINK_INSTALL=1 -DCMAKE_INSTALL_PREFIX=/home/apoorvtechh/dev_ws/install/my_bot
[0.898s] Invoking command in '/home/apoorvtechh/dev_ws/build/my_bot': CMAKE_PREFIX_PATH=/opt/ros/humble /usr/bin/cmake --build /home/apoorvtechh/dev_ws/build/my_bot -- -j4 -l4
[0.957s] Invoked command in '/home/apoorvtechh/dev_ws/build/my_bot' returned '0': CMAKE_PREFIX_PATH=/opt/ros/humble /usr/bin/cmake --build /home/apoorvtechh/dev_ws/build/my_bot -- -j4 -l4
[1.007s] Invoking command in '/home/apoorvtechh/dev_ws/build/my_bot': CMAKE_PREFIX_PATH=/opt/ros/humble /usr/bin/cmake --install /home/apoorvtechh/dev_ws/build/my_bot
[1.017s] -- Install configuration: ""
[1.017s] -- Execute custom install script
[1.019s] -- Symlinking: /home/apoorvtechh/dev_ws/install/my_bot/share/my_bot/config/empty.yaml
[1.036s] -- Symlinking: /home/apoorvtechh/dev_ws/install/my_bot/share/my_bot/description/robot.urdf.xacro
[1.054s] -- Symlinking: /home/apoorvtechh/dev_ws/install/my_bot/share/my_bot/launch/rsp.launch.py
[1.072s] -- Symlinking: /home/apoorvtechh/dev_ws/install/my_bot/share/my_bot/worlds/empty.world
[1.087s] -- Symlinking: /home/apoorvtechh/dev_ws/install/my_bot/share/ament_index/resource_index/package_run_dependencies/my_bot
[1.101s] -- Symlinking: /home/apoorvtechh/dev_ws/install/my_bot/share/ament_index/resource_index/parent_prefix_path/my_bot
[1.116s] -- Symlinking: /home/apoorvtechh/dev_ws/install/my_bot/share/my_bot/environment/ament_prefix_path.sh
[1.131s] -- Symlinking: /home/apoorvtechh/dev_ws/install/my_bot/share/my_bot/environment/ament_prefix_path.dsv
[1.143s] -- Symlinking: /home/apoorvtechh/dev_ws/install/my_bot/share/my_bot/environment/path.sh
[1.156s] -- Symlinking: /home/apoorvtechh/dev_ws/install/my_bot/share/my_bot/environment/path.dsv
[1.170s] -- Symlinking: /home/apoorvtechh/dev_ws/install/my_bot/share/my_bot/local_setup.bash
[1.181s] -- Symlinking: /home/apoorvtechh/dev_ws/install/my_bot/share/my_bot/local_setup.sh
[1.194s] -- Symlinking: /home/apoorvtechh/dev_ws/install/my_bot/share/my_bot/local_setup.zsh
[1.206s] -- Symlinking: /home/apoorvtechh/dev_ws/install/my_bot/share/my_bot/local_setup.dsv
[1.218s] -- Symlinking: /home/apoorvtechh/dev_ws/install/my_bot/share/my_bot/package.dsv
[1.234s] -- Symlinking: /home/apoorvtechh/dev_ws/install/my_bot/share/ament_index/resource_index/packages/my_bot
[1.248s] -- Symlinking: /home/apoorvtechh/dev_ws/install/my_bot/share/my_bot/cmake/my_botConfig.cmake
[1.263s] -- Symlinking: /home/apoorvtechh/dev_ws/install/my_bot/share/my_bot/cmake/my_botConfig-version.cmake
[1.280s] -- Symlinking: /home/apoorvtechh/dev_ws/install/my_bot/share/my_bot/package.xml
[1.300s] Invoked command in '/home/apoorvtechh/dev_ws/build/my_bot' returned '0': CMAKE_PREFIX_PATH=/opt/ros/humble /usr/bin/cmake --install /home/apoorvtechh/dev_ws/build/my_bot
