[1.236s] DEBUG:colcon:Command line arguments: ['/usr/bin/colcon', 'build', '--symlink-install']
[1.237s] DEBUG:colcon:Parsed command line arguments: Namespace(log_base=None, log_level=None, verb_name='build', build_base='build', install_base='install', merge_install=False, symlink_install=True, test_result_base=None, continue_on_error=False, executor='parallel', parallel_workers=4, event_handlers=None, ignore_user_meta=False, metas=['./colcon.meta'], base_paths=['.'], packages_ignore=None, packages_ignore_regex=None, paths=None, packages_up_to=None, packages_up_to_regex=None, packages_above=None, packages_above_and_dependencies=None, packages_above_depth=None, packages_select_by_dep=None, packages_skip_by_dep=None, packages_skip_up_to=None, packages_select_build_failed=False, packages_skip_build_finished=False, packages_select_test_failures=False, packages_skip_test_passed=False, packages_select=None, packages_skip=None, packages_select_regex=None, packages_skip_regex=None, packages_start=None, packages_end=None, allow_overriding=[], cmake_args=None, cmake_target=None, cmake_target_skip_unavailable=False, cmake_clean_cache=False, cmake_clean_first=False, cmake_force_configure=False, ament_cmake_args=None, catkin_cmake_args=None, catkin_skip_building_tests=False, verb_parser=<colcon_defaults.argument_parser.defaults.DefaultArgumentsDecorator object at 0x7fdb3ba69300>, verb_extension=<colcon_core.verb.build.BuildVerb object at 0x7fdb3bedbaf0>, main=<bound method BuildVerb.main of <colcon_core.verb.build.BuildVerb object at 0x7fdb3bedbaf0>>)
[1.295s] Level 1:colcon.colcon_core.package_discovery:discover_packages(colcon_meta) check parameters
[1.296s] Level 1:colcon.colcon_core.package_discovery:discover_packages(recursive) check parameters
[1.296s] Level 1:colcon.colcon_core.package_discovery:discover_packages(ignore) check parameters
[1.296s] Level 1:colcon.colcon_core.package_discovery:discover_packages(path) check parameters
[1.296s] Level 1:colcon.colcon_core.package_discovery:discover_packages(colcon_meta) discover
[1.296s] Level 1:colcon.colcon_core.package_discovery:discover_packages(recursive) discover
[1.296s] INFO:colcon.colcon_core.package_discovery:Crawling recursively for packages in '/home/apoorvtechh/dev_ws'
[1.296s] Level 1:colcon.colcon_core.package_identification:_identify(.) by extensions ['ignore', 'ignore_ament_install']
[1.296s] Level 1:colcon.colcon_core.package_identification:_identify(.) by extension 'ignore'
[1.296s] Level 1:colcon.colcon_core.package_identification:_identify(.) by extension 'ignore_ament_install'
[1.296s] Level 1:colcon.colcon_core.package_identification:_identify(.) by extensions ['colcon_pkg']
[1.296s] Level 1:colcon.colcon_core.package_identification:_identify(.) by extension 'colcon_pkg'
[1.296s] Level 1:colcon.colcon_core.package_identification:_identify(.) by extensions ['colcon_meta']
[1.296s] Level 1:colcon.colcon_core.package_identification:_identify(.) by extension 'colcon_meta'
[1.297s] Level 1:colcon.colcon_core.package_identification:_identify(.) by extensions ['ros']
[1.297s] Level 1:colcon.colcon_core.package_identification:_identify(.) by extension 'ros'
[1.311s] Level 1:colcon.colcon_core.package_identification:_identify(.) by extensions ['cmake', 'python']
[1.311s] Level 1:colcon.colcon_core.package_identification:_identify(.) by extension 'cmake'
[1.311s] Level 1:colcon.colcon_core.package_identification:_identify(.) by extension 'python'
[1.311s] Level 1:colcon.colcon_core.package_identification:_identify(.) by extensions ['python_setup_py']
[1.311s] Level 1:colcon.colcon_core.package_identification:_identify(.) by extension 'python_setup_py'
[1.312s] Level 1:colcon.colcon_core.package_identification:_identify(build) by extensions ['ignore', 'ignore_ament_install']
[1.312s] Level 1:colcon.colcon_core.package_identification:_identify(build) by extension 'ignore'
[1.312s] Level 1:colcon.colcon_core.package_identification:_identify(build) ignored
[1.312s] Level 1:colcon.colcon_core.package_identification:_identify(install) by extensions ['ignore', 'ignore_ament_install']
[1.312s] Level 1:colcon.colcon_core.package_identification:_identify(install) by extension 'ignore'
[1.312s] Level 1:colcon.colcon_core.package_identification:_identify(install) ignored
[1.312s] Level 1:colcon.colcon_core.package_identification:_identify(log) by extensions ['ignore', 'ignore_ament_install']
[1.313s] Level 1:colcon.colcon_core.package_identification:_identify(log) by extension 'ignore'
[1.313s] Level 1:colcon.colcon_core.package_identification:_identify(log) ignored
[1.313s] Level 1:colcon.colcon_core.package_identification:_identify(src) by extensions ['ignore', 'ignore_ament_install']
[1.313s] Level 1:colcon.colcon_core.package_identification:_identify(src) by extension 'ignore'
[1.313s] Level 1:colcon.colcon_core.package_identification:_identify(src) by extension 'ignore_ament_install'
[1.313s] Level 1:colcon.colcon_core.package_identification:_identify(src) by extensions ['colcon_pkg']
[1.313s] Level 1:colcon.colcon_core.package_identification:_identify(src) by extension 'colcon_pkg'
[1.313s] Level 1:colcon.colcon_core.package_identification:_identify(src) by extensions ['colcon_meta']
[1.313s] Level 1:colcon.colcon_core.package_identification:_identify(src) by extension 'colcon_meta'
[1.313s] Level 1:colcon.colcon_core.package_identification:_identify(src) by extensions ['ros']
[1.313s] Level 1:colcon.colcon_core.package_identification:_identify(src) by extension 'ros'
[1.313s] Level 1:colcon.colcon_core.package_identification:_identify(src) by extensions ['cmake', 'python']
[1.313s] Level 1:colcon.colcon_core.package_identification:_identify(src) by extension 'cmake'
[1.314s] Level 1:colcon.colcon_core.package_identification:_identify(src) by extension 'python'
[1.314s] Level 1:colcon.colcon_core.package_identification:_identify(src) by extensions ['python_setup_py']
[1.314s] Level 1:colcon.colcon_core.package_identification:_identify(src) by extension 'python_setup_py'
[1.314s] Level 1:colcon.colcon_core.package_identification:_identify(src/my_bot) by extensions ['ignore', 'ignore_ament_install']
[1.317s] Level 1:colcon.colcon_core.package_identification:_identify(src/my_bot) by extension 'ignore'
[1.318s] Level 1:colcon.colcon_core.package_identification:_identify(src/my_bot) by extension 'ignore_ament_install'
[1.318s] Level 1:colcon.colcon_core.package_identification:_identify(src/my_bot) by extensions ['colcon_pkg']
[1.318s] Level 1:colcon.colcon_core.package_identification:_identify(src/my_bot) by extension 'colcon_pkg'
[1.318s] Level 1:colcon.colcon_core.package_identification:_identify(src/my_bot) by extensions ['colcon_meta']
[1.318s] Level 1:colcon.colcon_core.package_identification:_identify(src/my_bot) by extension 'colcon_meta'
[1.318s] Level 1:colcon.colcon_core.package_identification:_identify(src/my_bot) by extensions ['ros']
[1.318s] Level 1:colcon.colcon_core.package_identification:_identify(src/my_bot) by extension 'ros'
[1.322s] DEBUG:colcon.colcon_core.package_identification:Package 'src/my_bot' with type 'ros.ament_cmake' and name 'my_bot'
[1.322s] Level 1:colcon.colcon_core.package_discovery:discover_packages(recursive) using defaults
[1.322s] Level 1:colcon.colcon_core.package_discovery:discover_packages(ignore) discover
[1.322s] Level 1:colcon.colcon_core.package_discovery:discover_packages(ignore) using defaults
[1.322s] Level 1:colcon.colcon_core.package_discovery:discover_packages(path) discover
[1.322s] Level 1:colcon.colcon_core.package_discovery:discover_packages(path) using defaults
[1.428s] Level 1:colcon.colcon_core.package_discovery:discover_packages(prefix_path) check parameters
[1.429s] Level 1:colcon.colcon_core.package_discovery:discover_packages(prefix_path) discover
[1.475s] DEBUG:colcon.colcon_installed_package_information.package_discovery:Found 336 installed packages in /opt/ros/humble
[1.477s] Level 1:colcon.colcon_core.package_discovery:discover_packages(prefix_path) using defaults
[1.600s] Level 5:colcon.colcon_core.verb:set package 'my_bot' build argument 'cmake_args' from command line to 'None'
[1.600s] Level 5:colcon.colcon_core.verb:set package 'my_bot' build argument 'cmake_target' from command line to 'None'
[1.600s] Level 5:colcon.colcon_core.verb:set package 'my_bot' build argument 'cmake_target_skip_unavailable' from command line to 'False'
[1.600s] Level 5:colcon.colcon_core.verb:set package 'my_bot' build argument 'cmake_clean_cache' from command line to 'False'
[1.600s] Level 5:colcon.colcon_core.verb:set package 'my_bot' build argument 'cmake_clean_first' from command line to 'False'
[1.600s] Level 5:colcon.colcon_core.verb:set package 'my_bot' build argument 'cmake_force_configure' from command line to 'False'
[1.600s] Level 5:colcon.colcon_core.verb:set package 'my_bot' build argument 'ament_cmake_args' from command line to 'None'
[1.600s] Level 5:colcon.colcon_core.verb:set package 'my_bot' build argument 'catkin_cmake_args' from command line to 'None'
[1.600s] Level 5:colcon.colcon_core.verb:set package 'my_bot' build argument 'catkin_skip_building_tests' from command line to 'False'
[1.600s] DEBUG:colcon.colcon_core.verb:Building package 'my_bot' with the following arguments: {'ament_cmake_args': None, 'build_base': '/home/apoorvtechh/dev_ws/build/my_bot', 'catkin_cmake_args': None, 'catkin_skip_building_tests': False, 'cmake_args': None, 'cmake_clean_cache': False, 'cmake_clean_first': False, 'cmake_force_configure': False, 'cmake_target': None, 'cmake_target_skip_unavailable': False, 'install_base': '/home/apoorvtechh/dev_ws/install/my_bot', 'merge_install': False, 'path': '/home/apoorvtechh/dev_ws/src/my_bot', 'symlink_install': True, 'test_result_base': None}
[1.618s] INFO:colcon.colcon_core.executor:Executing jobs using 'parallel' executor
[1.636s] DEBUG:colcon.colcon_parallel_executor.executor.parallel:run_until_complete
[1.637s] INFO:colcon.colcon_ros.task.ament_cmake.build:Building ROS package in '/home/apoorvtechh/dev_ws/src/my_bot' with build type 'ament_cmake'
[1.637s] INFO:colcon.colcon_cmake.task.cmake.build:Building CMake package in '/home/apoorvtechh/dev_ws/src/my_bot'
[1.660s] INFO:colcon.colcon_core.plugin_system:Skipping extension 'colcon_core.shell.bat': Not used on non-Windows systems
[1.661s] INFO:colcon.colcon_core.shell:Skip shell extension 'powershell' for command environment: Not usable outside of PowerShell
[1.661s] DEBUG:colcon.colcon_core.shell:Skip shell extension 'dsv' for command environment
[1.751s] DEBUG:colcon.colcon_core.event_handler.log_command:Invoking command in '/home/apoorvtechh/dev_ws/build/my_bot': CMAKE_PREFIX_PATH=/opt/ros/humble /usr/bin/cmake --build /home/apoorvtechh/dev_ws/build/my_bot -- -j4 -l4
[1.831s] DEBUG:colcon.colcon_core.event_handler.log_command:Invoked command in '/home/apoorvtechh/dev_ws/build/my_bot' returned '0': CMAKE_PREFIX_PATH=/opt/ros/humble /usr/bin/cmake --build /home/apoorvtechh/dev_ws/build/my_bot -- -j4 -l4
[1.898s] DEBUG:colcon.colcon_core.event_handler.log_command:Invoking command in '/home/apoorvtechh/dev_ws/build/my_bot': CMAKE_PREFIX_PATH=/opt/ros/humble /usr/bin/cmake --install /home/apoorvtechh/dev_ws/build/my_bot
[1.943s] Level 1:colcon.colcon_core.environment:create_environment_scripts_only(my_bot)
[1.944s] DEBUG:colcon.colcon_core.event_handler.log_command:Invoked command in '/home/apoorvtechh/dev_ws/build/my_bot' returned '0': CMAKE_PREFIX_PATH=/opt/ros/humble /usr/bin/cmake --install /home/apoorvtechh/dev_ws/build/my_bot
[1.967s] Level 1:colcon.colcon_core.environment:checking '/home/apoorvtechh/dev_ws/install/my_bot' for CMake module files
[1.968s] Level 1:colcon.colcon_core.environment:checking '/home/apoorvtechh/dev_ws/install/my_bot' for CMake config files
[1.968s] Level 1:colcon.colcon_core.shell:create_environment_hook('my_bot', 'cmake_prefix_path')
[1.991s] INFO:colcon.colcon_core.shell:Creating environment hook '/home/apoorvtechh/dev_ws/install/my_bot/share/my_bot/hook/cmake_prefix_path.ps1'
[2.003s] INFO:colcon.colcon_core.shell:Creating environment descriptor '/home/apoorvtechh/dev_ws/install/my_bot/share/my_bot/hook/cmake_prefix_path.dsv'
[2.005s] INFO:colcon.colcon_core.shell:Creating environment hook '/home/apoorvtechh/dev_ws/install/my_bot/share/my_bot/hook/cmake_prefix_path.sh'
[2.007s] Level 1:colcon.colcon_core.environment:checking '/home/apoorvtechh/dev_ws/install/my_bot/bin'
[2.008s] Level 1:colcon.colcon_core.environment:checking '/home/apoorvtechh/dev_ws/install/my_bot/lib/pkgconfig/my_bot.pc'
[2.008s] Level 1:colcon.colcon_core.environment:checking '/home/apoorvtechh/dev_ws/install/my_bot/lib/python3.10/site-packages'
[2.008s] Level 1:colcon.colcon_core.environment:checking '/home/apoorvtechh/dev_ws/install/my_bot/bin'
[2.026s] INFO:colcon.colcon_core.shell:Creating package script '/home/apoorvtechh/dev_ws/install/my_bot/share/my_bot/package.ps1'
[2.028s] INFO:colcon.colcon_core.shell:Creating package descriptor '/home/apoorvtechh/dev_ws/install/my_bot/share/my_bot/package.dsv'
[2.030s] INFO:colcon.colcon_core.shell:Creating package script '/home/apoorvtechh/dev_ws/install/my_bot/share/my_bot/package.sh'
[2.032s] INFO:colcon.colcon_core.shell:Creating package script '/home/apoorvtechh/dev_ws/install/my_bot/share/my_bot/package.bash'
[2.033s] INFO:colcon.colcon_core.shell:Creating package script '/home/apoorvtechh/dev_ws/install/my_bot/share/my_bot/package.zsh'
[2.035s] Level 1:colcon.colcon_core.environment:create_file_with_runtime_dependencies(/home/apoorvtechh/dev_ws/install/my_bot/share/colcon-core/packages/my_bot)
[2.099s] Level 1:colcon.colcon_core.environment:create_environment_scripts_only(my_bot)
[2.117s] Level 1:colcon.colcon_core.environment:checking '/home/apoorvtechh/dev_ws/install/my_bot' for CMake module files
[2.118s] Level 1:colcon.colcon_core.environment:checking '/home/apoorvtechh/dev_ws/install/my_bot' for CMake config files
[2.118s] Level 1:colcon.colcon_core.shell:create_environment_hook('my_bot', 'cmake_prefix_path')
[2.138s] INFO:colcon.colcon_core.shell:Creating environment hook '/home/apoorvtechh/dev_ws/install/my_bot/share/my_bot/hook/cmake_prefix_path.ps1'
[2.140s] INFO:colcon.colcon_core.shell:Creating environment descriptor '/home/apoorvtechh/dev_ws/install/my_bot/share/my_bot/hook/cmake_prefix_path.dsv'
[2.141s] INFO:colcon.colcon_core.shell:Creating environment hook '/home/apoorvtechh/dev_ws/install/my_bot/share/my_bot/hook/cmake_prefix_path.sh'
[2.142s] Level 1:colcon.colcon_core.environment:checking '/home/apoorvtechh/dev_ws/install/my_bot/bin'
[2.142s] Level 1:colcon.colcon_core.environment:checking '/home/apoorvtechh/dev_ws/install/my_bot/lib/pkgconfig/my_bot.pc'
[2.143s] Level 1:colcon.colcon_core.environment:checking '/home/apoorvtechh/dev_ws/install/my_bot/lib/python3.10/site-packages'
[2.143s] Level 1:colcon.colcon_core.environment:checking '/home/apoorvtechh/dev_ws/install/my_bot/bin'
[2.161s] INFO:colcon.colcon_core.shell:Creating package script '/home/apoorvtechh/dev_ws/install/my_bot/share/my_bot/package.ps1'
[2.162s] INFO:colcon.colcon_core.shell:Creating package descriptor '/home/apoorvtechh/dev_ws/install/my_bot/share/my_bot/package.dsv'
[2.162s] INFO:colcon.colcon_core.shell:Creating package script '/home/apoorvtechh/dev_ws/install/my_bot/share/my_bot/package.sh'
[2.163s] INFO:colcon.colcon_core.shell:Creating package script '/home/apoorvtechh/dev_ws/install/my_bot/share/my_bot/package.bash'
[2.165s] INFO:colcon.colcon_core.shell:Creating package script '/home/apoorvtechh/dev_ws/install/my_bot/share/my_bot/package.zsh'
[2.167s] Level 1:colcon.colcon_core.environment:create_file_with_runtime_dependencies(/home/apoorvtechh/dev_ws/install/my_bot/share/colcon-core/packages/my_bot)
[2.167s] DEBUG:colcon.colcon_parallel_executor.executor.parallel:closing loop
[2.169s] DEBUG:colcon.colcon_parallel_executor.executor.parallel:loop closed
[2.169s] DEBUG:colcon.colcon_parallel_executor.executor.parallel:run_until_complete finished with '0'
[2.169s] DEBUG:colcon.colcon_core.event_reactor:joining thread
[2.200s] INFO:colcon.colcon_core.plugin_system:Skipping extension 'colcon_notification.desktop_notification.terminal_notifier': Not used on non-Darwin systems
[2.200s] INFO:colcon.colcon_core.plugin_system:Skipping extension 'colcon_notification.desktop_notification.win32': Not used on non-Windows systems
[2.200s] INFO:colcon.colcon_notification.desktop_notification:Sending desktop notification using 'notify2'
[2.220s] DEBUG:colcon.colcon_core.event_reactor:joined thread
[2.237s] INFO:colcon.colcon_core.shell:Creating prefix script '/home/apoorvtechh/dev_ws/install/local_setup.ps1'
[2.241s] INFO:colcon.colcon_core.shell:Creating prefix util module '/home/apoorvtechh/dev_ws/install/_local_setup_util_ps1.py'
[2.243s] INFO:colcon.colcon_core.shell:Creating prefix chain script '/home/apoorvtechh/dev_ws/install/setup.ps1'
[2.283s] INFO:colcon.colcon_core.shell:Creating prefix script '/home/apoorvtechh/dev_ws/install/local_setup.sh'
[2.285s] INFO:colcon.colcon_core.shell:Creating prefix util module '/home/apoorvtechh/dev_ws/install/_local_setup_util_sh.py'
[2.286s] INFO:colcon.colcon_core.shell:Creating prefix chain script '/home/apoorvtechh/dev_ws/install/setup.sh'
[2.308s] INFO:colcon.colcon_core.shell:Creating prefix script '/home/apoorvtechh/dev_ws/install/local_setup.bash'
[2.310s] INFO:colcon.colcon_core.shell:Creating prefix chain script '/home/apoorvtechh/dev_ws/install/setup.bash'
[2.331s] INFO:colcon.colcon_core.shell:Creating prefix script '/home/apoorvtechh/dev_ws/install/local_setup.zsh'
[2.333s] INFO:colcon.colcon_core.shell:Creating prefix chain script '/home/apoorvtechh/dev_ws/install/setup.zsh'
