[0.939s] DEBUG:colcon:Command line arguments: ['/usr/bin/colcon', 'build', '--symlink-install']
[0.939s] DEBUG:colcon:Parsed command line arguments: Namespace(log_base=None, log_level=None, verb_name='build', build_base='build', install_base='install', merge_install=False, symlink_install=True, test_result_base=None, continue_on_error=False, executor='parallel', parallel_workers=4, event_handlers=None, ignore_user_meta=False, metas=['./colcon.meta'], base_paths=['.'], packages_ignore=None, packages_ignore_regex=None, paths=None, packages_up_to=None, packages_up_to_regex=None, packages_above=None, packages_above_and_dependencies=None, packages_above_depth=None, packages_select_by_dep=None, packages_skip_by_dep=None, packages_skip_up_to=None, packages_select_build_failed=False, packages_skip_build_finished=False, packages_select_test_failures=False, packages_skip_test_passed=False, packages_select=None, packages_skip=None, packages_select_regex=None, packages_skip_regex=None, packages_start=None, packages_end=None, allow_overriding=[], cmake_args=None, cmake_target=None, cmake_target_skip_unavailable=False, cmake_clean_cache=False, cmake_clean_first=False, cmake_force_configure=False, ament_cmake_args=None, catkin_cmake_args=None, catkin_skip_building_tests=False, verb_parser=<colcon_defaults.argument_parser.defaults.DefaultArgumentsDecorator object at 0x7f0ae86e4cd0>, verb_extension=<colcon_core.verb.build.BuildVerb object at 0x7f0ae8ad78e0>, main=<bound method BuildVerb.main of <colcon_core.verb.build.BuildVerb object at 0x7f0ae8ad78e0>>)
[0.977s] Level 1:colcon.colcon_core.package_discovery:discover_packages(colcon_meta) check parameters
[0.977s] Level 1:colcon.colcon_core.package_discovery:discover_packages(recursive) check parameters
[0.977s] Level 1:colcon.colcon_core.package_discovery:discover_packages(ignore) check parameters
[0.977s] Level 1:colcon.colcon_core.package_discovery:discover_packages(path) check parameters
[0.977s] Level 1:colcon.colcon_core.package_discovery:discover_packages(colcon_meta) discover
[0.977s] Level 1:colcon.colcon_core.package_discovery:discover_packages(recursive) discover
[0.977s] INFO:colcon.colcon_core.package_discovery:Crawling recursively for packages in '/home/apoorvtechh/dev_ws'
[0.977s] Level 1:colcon.colcon_core.package_identification:_identify(.) by extensions ['ignore', 'ignore_ament_install']
[0.978s] Level 1:colcon.colcon_core.package_identification:_identify(.) by extension 'ignore'
[0.978s] Level 1:colcon.colcon_core.package_identification:_identify(.) by extension 'ignore_ament_install'
[0.978s] Level 1:colcon.colcon_core.package_identification:_identify(.) by extensions ['colcon_pkg']
[0.978s] Level 1:colcon.colcon_core.package_identification:_identify(.) by extension 'colcon_pkg'
[0.978s] Level 1:colcon.colcon_core.package_identification:_identify(.) by extensions ['colcon_meta']
[0.978s] Level 1:colcon.colcon_core.package_identification:_identify(.) by extension 'colcon_meta'
[0.978s] Level 1:colcon.colcon_core.package_identification:_identify(.) by extensions ['ros']
[0.978s] Level 1:colcon.colcon_core.package_identification:_identify(.) by extension 'ros'
[0.987s] Level 1:colcon.colcon_core.package_identification:_identify(.) by extensions ['cmake', 'python']
[0.987s] Level 1:colcon.colcon_core.package_identification:_identify(.) by extension 'cmake'
[0.987s] Level 1:colcon.colcon_core.package_identification:_identify(.) by extension 'python'
[0.987s] Level 1:colcon.colcon_core.package_identification:_identify(.) by extensions ['python_setup_py']
[0.987s] Level 1:colcon.colcon_core.package_identification:_identify(.) by extension 'python_setup_py'
[0.987s] Level 1:colcon.colcon_core.package_identification:_identify(build) by extensions ['ignore', 'ignore_ament_install']
[0.987s] Level 1:colcon.colcon_core.package_identification:_identify(build) by extension 'ignore'
[0.988s] Level 1:colcon.colcon_core.package_identification:_identify(build) ignored
[0.988s] Level 1:colcon.colcon_core.package_identification:_identify(install) by extensions ['ignore', 'ignore_ament_install']
[0.988s] Level 1:colcon.colcon_core.package_identification:_identify(install) by extension 'ignore'
[0.988s] Level 1:colcon.colcon_core.package_identification:_identify(install) ignored
[0.988s] Level 1:colcon.colcon_core.package_identification:_identify(log) by extensions ['ignore', 'ignore_ament_install']
[0.988s] Level 1:colcon.colcon_core.package_identification:_identify(log) by extension 'ignore'
[0.988s] Level 1:colcon.colcon_core.package_identification:_identify(log) ignored
[0.988s] Level 1:colcon.colcon_core.package_identification:_identify(src) by extensions ['ignore', 'ignore_ament_install']
[0.988s] Level 1:colcon.colcon_core.package_identification:_identify(src) by extension 'ignore'
[0.989s] Level 1:colcon.colcon_core.package_identification:_identify(src) by extension 'ignore_ament_install'
[0.989s] Level 1:colcon.colcon_core.package_identification:_identify(src) by extensions ['colcon_pkg']
[0.989s] Level 1:colcon.colcon_core.package_identification:_identify(src) by extension 'colcon_pkg'
[0.989s] Level 1:colcon.colcon_core.package_identification:_identify(src) by extensions ['colcon_meta']
[0.989s] Level 1:colcon.colcon_core.package_identification:_identify(src) by extension 'colcon_meta'
[0.989s] Level 1:colcon.colcon_core.package_identification:_identify(src) by extensions ['ros']
[0.989s] Level 1:colcon.colcon_core.package_identification:_identify(src) by extension 'ros'
[0.989s] Level 1:colcon.colcon_core.package_identification:_identify(src) by extensions ['cmake', 'python']
[0.989s] Level 1:colcon.colcon_core.package_identification:_identify(src) by extension 'cmake'
[0.989s] Level 1:colcon.colcon_core.package_identification:_identify(src) by extension 'python'
[0.989s] Level 1:colcon.colcon_core.package_identification:_identify(src) by extensions ['python_setup_py']
[0.989s] Level 1:colcon.colcon_core.package_identification:_identify(src) by extension 'python_setup_py'
[0.989s] Level 1:colcon.colcon_core.package_identification:_identify(src/my_bot) by extensions ['ignore', 'ignore_ament_install']
[0.989s] Level 1:colcon.colcon_core.package_identification:_identify(src/my_bot) by extension 'ignore'
[0.990s] Level 1:colcon.colcon_core.package_identification:_identify(src/my_bot) by extension 'ignore_ament_install'
[0.990s] Level 1:colcon.colcon_core.package_identification:_identify(src/my_bot) by extensions ['colcon_pkg']
[0.990s] Level 1:colcon.colcon_core.package_identification:_identify(src/my_bot) by extension 'colcon_pkg'
[0.990s] Level 1:colcon.colcon_core.package_identification:_identify(src/my_bot) by extensions ['colcon_meta']
[0.990s] Level 1:colcon.colcon_core.package_identification:_identify(src/my_bot) by extension 'colcon_meta'
[0.990s] Level 1:colcon.colcon_core.package_identification:_identify(src/my_bot) by extensions ['ros']
[0.990s] Level 1:colcon.colcon_core.package_identification:_identify(src/my_bot) by extension 'ros'
[0.991s] DEBUG:colcon.colcon_core.package_identification:Package 'src/my_bot' with type 'ros.ament_cmake' and name 'my_bot'
[0.991s] Level 1:colcon.colcon_core.package_discovery:discover_packages(recursive) using defaults
[0.992s] Level 1:colcon.colcon_core.package_discovery:discover_packages(ignore) discover
[0.992s] Level 1:colcon.colcon_core.package_discovery:discover_packages(ignore) using defaults
[0.992s] Level 1:colcon.colcon_core.package_discovery:discover_packages(path) discover
[0.992s] Level 1:colcon.colcon_core.package_discovery:discover_packages(path) using defaults
[1.066s] Level 1:colcon.colcon_core.package_discovery:discover_packages(prefix_path) check parameters
[1.066s] Level 1:colcon.colcon_core.package_discovery:discover_packages(prefix_path) discover
[1.090s] DEBUG:colcon.colcon_installed_package_information.package_discovery:Found 1 installed packages in /home/apoorvtechh/dev_ws/install
[1.107s] DEBUG:colcon.colcon_installed_package_information.package_discovery:Found 297 installed packages in /opt/ros/humble
[1.108s] Level 1:colcon.colcon_core.package_discovery:discover_packages(prefix_path) using defaults
[1.220s] Level 5:colcon.colcon_core.verb:set package 'my_bot' build argument 'cmake_args' from command line to 'None'
[1.220s] Level 5:colcon.colcon_core.verb:set package 'my_bot' build argument 'cmake_target' from command line to 'None'
[1.220s] Level 5:colcon.colcon_core.verb:set package 'my_bot' build argument 'cmake_target_skip_unavailable' from command line to 'False'
[1.220s] Level 5:colcon.colcon_core.verb:set package 'my_bot' build argument 'cmake_clean_cache' from command line to 'False'
[1.220s] Level 5:colcon.colcon_core.verb:set package 'my_bot' build argument 'cmake_clean_first' from command line to 'False'
[1.220s] Level 5:colcon.colcon_core.verb:set package 'my_bot' build argument 'cmake_force_configure' from command line to 'False'
[1.220s] Level 5:colcon.colcon_core.verb:set package 'my_bot' build argument 'ament_cmake_args' from command line to 'None'
[1.220s] Level 5:colcon.colcon_core.verb:set package 'my_bot' build argument 'catkin_cmake_args' from command line to 'None'
[1.220s] Level 5:colcon.colcon_core.verb:set package 'my_bot' build argument 'catkin_skip_building_tests' from command line to 'False'
[1.220s] DEBUG:colcon.colcon_core.verb:Building package 'my_bot' with the following arguments: {'ament_cmake_args': None, 'build_base': '/home/apoorvtechh/dev_ws/build/my_bot', 'catkin_cmake_args': None, 'catkin_skip_building_tests': False, 'cmake_args': None, 'cmake_clean_cache': False, 'cmake_clean_first': False, 'cmake_force_configure': False, 'cmake_target': None, 'cmake_target_skip_unavailable': False, 'install_base': '/home/apoorvtechh/dev_ws/install/my_bot', 'merge_install': False, 'path': '/home/apoorvtechh/dev_ws/src/my_bot', 'symlink_install': True, 'test_result_base': None}
[1.237s] INFO:colcon.colcon_core.executor:Executing jobs using 'parallel' executor
[1.250s] DEBUG:colcon.colcon_parallel_executor.executor.parallel:run_until_complete
[1.250s] INFO:colcon.colcon_ros.task.ament_cmake.build:Building ROS package in '/home/apoorvtechh/dev_ws/src/my_bot' with build type 'ament_cmake'
[1.250s] INFO:colcon.colcon_cmake.task.cmake.build:Building CMake package in '/home/apoorvtechh/dev_ws/src/my_bot'
[1.265s] INFO:colcon.colcon_core.plugin_system:Skipping extension 'colcon_core.shell.bat': Not used on non-Windows systems
[1.265s] INFO:colcon.colcon_core.shell:Skip shell extension 'powershell' for command environment: Not usable outside of PowerShell
[1.265s] DEBUG:colcon.colcon_core.shell:Skip shell extension 'dsv' for command environment
[1.319s] DEBUG:colcon.colcon_core.event_handler.log_command:Invoking command in '/home/apoorvtechh/dev_ws/build/my_bot': CMAKE_PREFIX_PATH=${CMAKE_PREFIX_PATH}:/opt/ros/humble /usr/bin/cmake --build /home/apoorvtechh/dev_ws/build/my_bot -- -j4 -l4
[1.369s] DEBUG:colcon.colcon_core.event_handler.log_command:Invoked command in '/home/apoorvtechh/dev_ws/build/my_bot' returned '0': CMAKE_PREFIX_PATH=${CMAKE_PREFIX_PATH}:/opt/ros/humble /usr/bin/cmake --build /home/apoorvtechh/dev_ws/build/my_bot -- -j4 -l4
[1.421s] DEBUG:colcon.colcon_core.event_handler.log_command:Invoking command in '/home/apoorvtechh/dev_ws/build/my_bot': CMAKE_PREFIX_PATH=${CMAKE_PREFIX_PATH}:/opt/ros/humble /usr/bin/cmake --install /home/apoorvtechh/dev_ws/build/my_bot
[1.452s] Level 1:colcon.colcon_core.environment:create_environment_scripts_only(my_bot)
[1.454s] DEBUG:colcon.colcon_core.event_handler.log_command:Invoked command in '/home/apoorvtechh/dev_ws/build/my_bot' returned '0': CMAKE_PREFIX_PATH=${CMAKE_PREFIX_PATH}:/opt/ros/humble /usr/bin/cmake --install /home/apoorvtechh/dev_ws/build/my_bot
[1.468s] Level 1:colcon.colcon_core.environment:checking '/home/apoorvtechh/dev_ws/install/my_bot' for CMake module files
[1.469s] Level 1:colcon.colcon_core.environment:checking '/home/apoorvtechh/dev_ws/install/my_bot' for CMake config files
[1.469s] Level 1:colcon.colcon_core.shell:create_environment_hook('my_bot', 'cmake_prefix_path')
[1.482s] INFO:colcon.colcon_core.shell:Creating environment hook '/home/apoorvtechh/dev_ws/install/my_bot/share/my_bot/hook/cmake_prefix_path.ps1'
[1.483s] INFO:colcon.colcon_core.shell:Creating environment descriptor '/home/apoorvtechh/dev_ws/install/my_bot/share/my_bot/hook/cmake_prefix_path.dsv'
[1.484s] INFO:colcon.colcon_core.shell:Creating environment hook '/home/apoorvtechh/dev_ws/install/my_bot/share/my_bot/hook/cmake_prefix_path.sh'
[1.485s] Level 1:colcon.colcon_core.environment:checking '/home/apoorvtechh/dev_ws/install/my_bot/bin'
[1.485s] Level 1:colcon.colcon_core.environment:checking '/home/apoorvtechh/dev_ws/install/my_bot/lib/pkgconfig/my_bot.pc'
[1.485s] Level 1:colcon.colcon_core.environment:checking '/home/apoorvtechh/dev_ws/install/my_bot/lib/python3.10/site-packages'
[1.486s] Level 1:colcon.colcon_core.environment:checking '/home/apoorvtechh/dev_ws/install/my_bot/bin'
[1.498s] INFO:colcon.colcon_core.shell:Creating package script '/home/apoorvtechh/dev_ws/install/my_bot/share/my_bot/package.ps1'
[1.499s] INFO:colcon.colcon_core.shell:Creating package descriptor '/home/apoorvtechh/dev_ws/install/my_bot/share/my_bot/package.dsv'
[1.500s] INFO:colcon.colcon_core.shell:Creating package script '/home/apoorvtechh/dev_ws/install/my_bot/share/my_bot/package.sh'
[1.500s] INFO:colcon.colcon_core.shell:Creating package script '/home/apoorvtechh/dev_ws/install/my_bot/share/my_bot/package.bash'
[1.501s] INFO:colcon.colcon_core.shell:Creating package script '/home/apoorvtechh/dev_ws/install/my_bot/share/my_bot/package.zsh'
[1.502s] Level 1:colcon.colcon_core.environment:create_file_with_runtime_dependencies(/home/apoorvtechh/dev_ws/install/my_bot/share/colcon-core/packages/my_bot)
[1.556s] Level 1:colcon.colcon_core.environment:create_environment_scripts_only(my_bot)
[1.567s] Level 1:colcon.colcon_core.environment:checking '/home/apoorvtechh/dev_ws/install/my_bot' for CMake module files
[1.568s] Level 1:colcon.colcon_core.environment:checking '/home/apoorvtechh/dev_ws/install/my_bot' for CMake config files
[1.568s] Level 1:colcon.colcon_core.shell:create_environment_hook('my_bot', 'cmake_prefix_path')
[1.579s] INFO:colcon.colcon_core.shell:Creating environment hook '/home/apoorvtechh/dev_ws/install/my_bot/share/my_bot/hook/cmake_prefix_path.ps1'
[1.580s] INFO:colcon.colcon_core.shell:Creating environment descriptor '/home/apoorvtechh/dev_ws/install/my_bot/share/my_bot/hook/cmake_prefix_path.dsv'
[1.581s] INFO:colcon.colcon_core.shell:Creating environment hook '/home/apoorvtechh/dev_ws/install/my_bot/share/my_bot/hook/cmake_prefix_path.sh'
[1.581s] Level 1:colcon.colcon_core.environment:checking '/home/apoorvtechh/dev_ws/install/my_bot/bin'
[1.581s] Level 1:colcon.colcon_core.environment:checking '/home/apoorvtechh/dev_ws/install/my_bot/lib/pkgconfig/my_bot.pc'
[1.582s] Level 1:colcon.colcon_core.environment:checking '/home/apoorvtechh/dev_ws/install/my_bot/lib/python3.10/site-packages'
[1.582s] Level 1:colcon.colcon_core.environment:checking '/home/apoorvtechh/dev_ws/install/my_bot/bin'
[1.595s] INFO:colcon.colcon_core.shell:Creating package script '/home/apoorvtechh/dev_ws/install/my_bot/share/my_bot/package.ps1'
[1.596s] INFO:colcon.colcon_core.shell:Creating package descriptor '/home/apoorvtechh/dev_ws/install/my_bot/share/my_bot/package.dsv'
[1.597s] INFO:colcon.colcon_core.shell:Creating package script '/home/apoorvtechh/dev_ws/install/my_bot/share/my_bot/package.sh'
[1.598s] INFO:colcon.colcon_core.shell:Creating package script '/home/apoorvtechh/dev_ws/install/my_bot/share/my_bot/package.bash'
[1.598s] INFO:colcon.colcon_core.shell:Creating package script '/home/apoorvtechh/dev_ws/install/my_bot/share/my_bot/package.zsh'
[1.599s] Level 1:colcon.colcon_core.environment:create_file_with_runtime_dependencies(/home/apoorvtechh/dev_ws/install/my_bot/share/colcon-core/packages/my_bot)
[1.599s] DEBUG:colcon.colcon_parallel_executor.executor.parallel:closing loop
[1.600s] DEBUG:colcon.colcon_parallel_executor.executor.parallel:loop closed
[1.600s] DEBUG:colcon.colcon_parallel_executor.executor.parallel:run_until_complete finished with '0'
[1.600s] DEBUG:colcon.colcon_core.event_reactor:joining thread
[1.624s] INFO:colcon.colcon_core.plugin_system:Skipping extension 'colcon_notification.desktop_notification.terminal_notifier': Not used on non-Darwin systems
[1.624s] INFO:colcon.colcon_core.plugin_system:Skipping extension 'colcon_notification.desktop_notification.win32': Not used on non-Windows systems
[1.624s] INFO:colcon.colcon_notification.desktop_notification:Sending desktop notification using 'notify2'
[1.642s] DEBUG:colcon.colcon_core.event_reactor:joined thread
[1.657s] INFO:colcon.colcon_core.shell:Creating prefix script '/home/apoorvtechh/dev_ws/install/local_setup.ps1'
[1.658s] INFO:colcon.colcon_core.shell:Creating prefix util module '/home/apoorvtechh/dev_ws/install/_local_setup_util_ps1.py'
[1.660s] INFO:colcon.colcon_core.shell:Creating prefix chain script '/home/apoorvtechh/dev_ws/install/setup.ps1'
[1.677s] INFO:colcon.colcon_core.shell:Creating prefix script '/home/apoorvtechh/dev_ws/install/local_setup.sh'
[1.677s] INFO:colcon.colcon_core.shell:Creating prefix util module '/home/apoorvtechh/dev_ws/install/_local_setup_util_sh.py'
[1.678s] INFO:colcon.colcon_core.shell:Creating prefix chain script '/home/apoorvtechh/dev_ws/install/setup.sh'
[1.695s] INFO:colcon.colcon_core.shell:Creating prefix script '/home/apoorvtechh/dev_ws/install/local_setup.bash'
[1.696s] INFO:colcon.colcon_core.shell:Creating prefix chain script '/home/apoorvtechh/dev_ws/install/setup.bash'
[1.710s] INFO:colcon.colcon_core.shell:Creating prefix script '/home/apoorvtechh/dev_ws/install/local_setup.zsh'
[1.710s] INFO:colcon.colcon_core.shell:Creating prefix chain script '/home/apoorvtechh/dev_ws/install/setup.zsh'
